<?xml version="1.0" encoding="UTF-8"?>
<!-- Generated by org.testng.reporters.JUnitReportReporter -->
<testsuite skipped="0" hostname="DESKTOP-UUV9U2N" name="studentApiTest.GetAPITests" tests="1" failures="0" timestamp="2020-05-14T15:40:48 IST" time="3.257" errors="0">
  <testcase name="getAPITest" time="3.257" classname="studentApiTest.GetAPITests"/>
  <system-out/>
</testsuite> <!-- studentApiTest.GetAPITests -->
