<?xml version="1.0" encoding="UTF-8"?>
<!-- Generated by org.testng.reporters.JUnitReportReporter -->
<testsuite skipped="0" hostname="DESKTOP-UUV9U2N" name="jiraApiTest.PostAPITest" tests="1" failures="0" timestamp="2020-05-16T06:43:51 IST" time="3.820" errors="0">
  <testcase name="PostJiraStep" time="3.820" classname="jiraApiTest.PostAPITest"/>
  <system-out/>
</testsuite> <!-- jiraApiTest.PostAPITest -->
